<?xml version="1.0" encoding="UTF-8"?>
<testng-results skipped="0" failed="0" ignored="0" total="1" passed="1">
  <reporter-output>
  </reporter-output>
  <suite name="Suite" duration-ms="12178" started-at="2019-12-15T10:46:41 IST" finished-at="2019-12-15T10:46:53 IST">
    <groups>
    </groups>
    <test name="Test1" duration-ms="12178" started-at="2019-12-15T10:46:41 IST" finished-at="2019-12-15T10:46:53 IST">
      <class name="learnSeleniumDocker.FirefoxWithDocker">
        <test-method status="PASS" signature="usingDockerGrid(java.lang.String)[pri:0, instance:learnSeleniumDocker.FirefoxWithDocker@5ae63ade]" name="usingDockerGrid" is-config="true" duration-ms="5343" started-at="2019-12-15T10:46:41 IST" finished-at="2019-12-15T10:46:46 IST">
          <params>
            <param index="0">
              <value>
                <![CDATA[firefox]]>
              </value>
            </param>
          </params>
          <reporter-output>
          </reporter-output>
        </test-method> <!-- usingDockerGrid -->
        <test-method status="PASS" signature="launchFirefox()[pri:0, instance:learnSeleniumDocker.FirefoxWithDocker@5ae63ade]" name="launchFirefox" duration-ms="6785" started-at="2019-12-15T10:46:46 IST" finished-at="2019-12-15T10:46:53 IST">
          <reporter-output>
          </reporter-output>
        </test-method> <!-- launchFirefox -->
      </class> <!-- learnSeleniumDocker.FirefoxWithDocker -->
    </test> <!-- Test1 -->
  </suite> <!-- Suite -->
</testng-results>
